<?xml version="1.0" encoding="UTF-8"?>
<!-- Generated by org.testng.reporters.JUnitReportReporter -->
<testsuite hostname="UdoLaptop" failures="0" tests="2" name="org.example.AccountControllerTest" time="34.850" errors="0" timestamp="2023-12-04T09:12:31 CST" skipped="0">
  <testcase classname="org.example.AccountControllerTest" name="testGetAllAccounts" time="17.423"/>
  <testcase classname="org.example.AccountControllerTest" name="testSignUp" time="17.427"/>
</testsuite> <!-- org.example.AccountControllerTest -->
