<?xml version="1.0" encoding="UTF-8"?>
<!-- Generated by org.testng.reporters.JUnitReportReporter -->
<testsuite hostname="UdoLaptop" failures="0" tests="2" name="org.example.GasControllerTests" time="0.401" errors="0" timestamp="2023-12-04T09:12:31 CST" skipped="0">
  <testcase classname="org.example.GasControllerTests" name="testSignUp" time="0.206"/>
  <testcase classname="org.example.GasControllerTests" name="testGetAllAccounts" time="0.195"/>
</testsuite> <!-- org.example.GasControllerTests -->
